<?xml version="1.0" encoding="UTF-8"?>
<!-- Generated by org.testng.reporters.JUnitXMLReporter -->
<testsuite hostname="WIN-NF51SIC44K4" failures="0" tests="6" name="Command line test" time="0.062" errors="0" timestamp="2 May 2022 15:00:38 GMT">
  <testcase classname="svetntTest.StringToLettersTest" name="testStringToLettersNegativ" time="0.016"/>
  <testcase classname="svetntTest.StringToLettersTest" name="testStringToLettersPositiv" time="0.016"/>
  <testcase classname="svetntTest.StringToLettersTest" name="testStringToNumbersNegativNull" time="0.0"/>
  <testcase classname="svetntTest.StringToNumbersTest" name="testStringToNumbersNegativNull" time="0.0"/>
  <testcase classname="svetntTest.StringToNumbersTest" name="testStringToNumbersNegativNumberFormat" time="0.0"/>
  <testcase classname="svetntTest.StringToNumbersTest" name="testStringToNumbersPositiv" time="0.0"/>
</testsuite> <!-- Command line test -->
